<?xml version="1.0" encoding="UTF-8"?>
<!-- Generated by org.testng.reporters.JUnitReportReporter -->
<testsuite hostname="RUSHI" failures="0" tests="1" name="Ecommerce.TestCases.AddToWishList" time="15.768" errors="0" timestamp="2023-01-22T23:48:06 IST" skipped="0">
  <testcase classname="Ecommerce.TestCases.AddToWishList" name="addtowishlist" time="15.768"/>
  <system-out/>
</testsuite> <!-- Ecommerce.TestCases.AddToWishList -->
