<?xml version="1.0" encoding="UTF-8"?>
<!-- Generated by org.testng.reporters.JUnitReportReporter -->
<testsuite hostname="RUSHI" failures="0" tests="1" name="Ecommerce.TestCases.VoteTestCase" time="29.916" errors="0" timestamp="2023-01-23T00:19:04 IST" skipped="0">
  <testcase classname="Ecommerce.TestCases.VoteTestCase" name="votetest" time="29.916"/>
  <system-out/>
</testsuite> <!-- Ecommerce.TestCases.VoteTestCase -->
