<?xml version="1.0" encoding="UTF-8"?>
<!-- Generated by org.testng.reporters.JUnitReportReporter -->
<testsuite hostname="RUSHI" failures="0" tests="1" name="Ecommerce.TestCases.LoginDataTestCase" time="0.000" errors="0" timestamp="2023-01-22T00:31:40 IST" skipped="1">
  <testcase classname="Ecommerce.TestCases.LoginDataTestCase" name="LoginData" time="0.000">
    <skipped/>
  </testcase> <!-- LoginData -->
  <system-out/>
</testsuite> <!-- Ecommerce.TestCases.LoginDataTestCase -->
