<?xml version="1.0" encoding="UTF-8"?>
<!-- Generated by org.testng.reporters.JUnitReportReporter -->
<testsuite hostname="RUSHI" failures="0" tests="1" name="Ecommerce.TestCases.VerifyFeatureProdTestCase" time="5.153" errors="0" timestamp="2023-01-22T23:48:06 IST" skipped="0">
  <testcase classname="Ecommerce.TestCases.VerifyFeatureProdTestCase" name="FeaturedProd" time="5.153"/>
  <system-out/>
</testsuite> <!-- Ecommerce.TestCases.VerifyFeatureProdTestCase -->
