<?xml version="1.0" encoding="UTF-8"?>
<!-- Generated by org.testng.reporters.JUnitReportReporter -->
<testsuite hostname="RUSHI" failures="0" tests="1" name="Ecommerce.TestCases.VerifyVoteButton" time="6.712" errors="0" timestamp="2023-01-23T00:19:44 IST" skipped="0">
  <testcase classname="Ecommerce.TestCases.VerifyVoteButton" name="verifyvote" time="6.712"/>
  <system-out/>
</testsuite> <!-- Ecommerce.TestCases.VerifyVoteButton -->
